src/components/financial-control/ExpenseIntelligenceWidget.tsx(118,22): error TS7053: Element implicitly has an 'any' type because expression of type 'string' can't be used to index type '{}'.
  No index signature with a parameter of type 'string' was found on type '{}'.
src/components/financial-control/ExpenseIntelligenceWidget.tsx(119,21): error TS7053: Element implicitly has an 'any' type because expression of type 'string' can't be used to index type '{}'.
  No index signature with a parameter of type 'string' was found on type '{}'.
src/components/financial-control/ExpenseIntelligenceWidget.tsx(121,17): error TS7053: Element implicitly has an 'any' type because expression of type 'string' can't be used to index type '{}'.
  No index signature with a parameter of type 'string' was found on type '{}'.
src/components/financial-control/ExpenseIntelligenceWidget.tsx(126,41): error TS18046: 'b' is of type 'unknown'.
src/components/financial-control/ExpenseIntelligenceWidget.tsx(126,45): error TS18046: 'a' is of type 'unknown'.
src/components/financial-control/ExpenseIntelligenceWidget.tsx(134,96): error TS2345: Argument of type 'unknown' is not assignable to parameter of type 'number'.
src/components/financial-control/ResultadosDashboard.tsx(476,34): error TS2339: Property 'history' does not exist on type 'DashboardData'.
src/components/financial-control/ResultadosDashboard.tsx(477,36): error TS2339: Property 'history' does not exist on type 'DashboardData'.
src/components/financial-control/ResultadosDashboard.tsx(478,34): error TS2339: Property 'history' does not exist on type 'DashboardData'.
src/components/financial-control/ResultadosDashboard.tsx(479,38): error TS2339: Property 'history' does not exist on type 'DashboardData'.
src/components/financial-control/ResultadosDashboard.tsx(480,41): error TS2339: Property 'history' does not exist on type 'DashboardData'.
src/components/financial-control/ResultadosDashboard.tsx(481,42): error TS2339: Property 'history' does not exist on type 'DashboardData'.
src/components/financial-control/ResultadosDashboard.tsx(644,44): error TS2551: Property 'diaBreakEver' does not exist on type '{ puntoEquilibrio: any; diaBreakEven: any; alcanzado: any; ventasActuales: any; costesFijos: number; margenContribucion: number; }'. Did you mean 'diaBreakEven'?
src/components/stock/ManualStockEntryDialog.tsx(123,66): error TS2322: Type 'string | undefined' is not assignable to type 'string'.
  Type 'undefined' is not assignable to type 'string'.
tests/unit/financial-control.test.ts(7,11): error TS2304: Cannot find name 'jest'.
tests/unit/financial-control.test.ts(8,13): error TS2304: Cannot find name 'jest'.
tests/unit/financial-control.test.ts(9,13): error TS2304: Cannot find name 'jest'.
tests/unit/financial-control.test.ts(10,13): error TS2304: Cannot find name 'jest'.
tests/unit/financial-control.test.ts(11,13): error TS2304: Cannot find name 'jest'.
tests/unit/financial-control.test.ts(12,13): error TS2304: Cannot find name 'jest'.
tests/unit/financial-control.test.ts(13,9): error TS2304: Cannot find name 'jest'.
tests/unit/financial-control.test.ts(14,10): error TS2304: Cannot find name 'jest'.
tests/unit/financial-control.test.ts(15,10): error TS2304: Cannot find name 'jest'.
tests/unit/financial-control.test.ts(16,12): error TS2304: Cannot find name 'jest'.
tests/unit/financial-control.test.ts(17,13): error TS2304: Cannot find name 'jest'.
tests/unit/financial-control.test.ts(19,18): error TS2304: Cannot find name 'jest'.
tests/unit/financial-control.test.ts(31,1): error TS2304: Cannot find name 'jest'.
tests/unit/financial-control.test.ts(32,19): error TS2304: Cannot find name 'jest'.
tests/unit/financial-control.test.ts(36,1): error TS2304: Cannot find name 'jest'.
tests/unit/financial-control.test.ts(37,21): error TS2304: Cannot find name 'jest'.
tests/unit/financial-control.test.ts(41,1): error TS2304: Cannot find name 'jest'.
tests/unit/financial-control.test.ts(48,1): error TS2582: Cannot find name 'describe'. Do you need to install type definitions for a test runner? Try `npm i --save-dev @types/jest` or `npm i --save-dev @types/mocha`.
tests/unit/financial-control.test.ts(50,5): error TS2304: Cannot find name 'beforeEach'.
tests/unit/financial-control.test.ts(51,9): error TS2304: Cannot find name 'jest'.
tests/unit/financial-control.test.ts(57,5): error TS2582: Cannot find name 'describe'. Do you need to install type definitions for a test runner? Try `npm i --save-dev @types/jest` or `npm i --save-dev @types/mocha`.
tests/unit/financial-control.test.ts(58,9): error TS2582: Cannot find name 'it'. Do you need to install type definitions for a test runner? Try `npm i --save-dev @types/jest` or `npm i --save-dev @types/mocha`.
tests/unit/financial-control.test.ts(64,13): error TS2304: Cannot find name 'expect'.
tests/unit/financial-control.test.ts(65,13): error TS2304: Cannot find name 'expect'.
tests/unit/financial-control.test.ts(69,5): error TS2582: Cannot find name 'describe'. Do you need to install type definitions for a test runner? Try `npm i --save-dev @types/jest` or `npm i --save-dev @types/mocha`.
tests/unit/financial-control.test.ts(70,9): error TS2582: Cannot find name 'it'. Do you need to install type definitions for a test runner? Try `npm i --save-dev @types/jest` or `npm i --save-dev @types/mocha`.
tests/unit/financial-control.test.ts(75,13): error TS2304: Cannot find name 'expect'.
tests/unit/financial-control.test.ts(76,13): error TS2304: Cannot find name 'expect'.
tests/unit/financial-control.test.ts(77,13): error TS2304: Cannot find name 'expect'.
tests/unit/financial-control.test.ts(81,5): error TS2582: Cannot find name 'describe'. Do you need to install type definitions for a test runner? Try `npm i --save-dev @types/jest` or `npm i --save-dev @types/mocha`.
tests/unit/financial-control.test.ts(82,9): error TS2582: Cannot find name 'it'. Do you need to install type definitions for a test runner? Try `npm i --save-dev @types/jest` or `npm i --save-dev @types/mocha`.
tests/unit/financial-control.test.ts(87,13): error TS2304: Cannot find name 'expect'.
tests/unit/financial-control.test.ts(88,13): error TS2304: Cannot find name 'expect'.
tests/unit/financial-control.test.ts(89,13): error TS2304: Cannot find name 'expect'.
tests/unit/financial-control.test.ts(93,5): error TS2582: Cannot find name 'describe'. Do you need to install type definitions for a test runner? Try `npm i --save-dev @types/jest` or `npm i --save-dev @types/mocha`.
tests/unit/financial-control.test.ts(94,9): error TS2582: Cannot find name 'it'. Do you need to install type definitions for a test runner? Try `npm i --save-dev @types/jest` or `npm i --save-dev @types/mocha`.
tests/unit/financial-control.test.ts(116,13): error TS2304: Cannot find name 'expect'.
tests/unit/financial-control.test.ts(117,13): error TS2304: Cannot find name 'expect'.
tests/unit/financial-control.test.ts(121,5): error TS2582: Cannot find name 'describe'. Do you need to install type definitions for a test runner? Try `npm i --save-dev @types/jest` or `npm i --save-dev @types/mocha`.
tests/unit/financial-control.test.ts(122,9): error TS2582: Cannot find name 'it'. Do you need to install type definitions for a test runner? Try `npm i --save-dev @types/jest` or `npm i --save-dev @types/mocha`.
tests/unit/financial-control.test.ts(137,13): error TS2304: Cannot find name 'expect'.
tests/unit/financial-control.test.ts(138,13): error TS2304: Cannot find name 'expect'.
